Updating from: https://update.dolphin-emu.org/manifest/win/bc/4d/0b3ef8e58e1ab7a9ae6b47b228ec2d299635.manifest
Updating to:   https://update.dolphin-emu.org/manifest/win/55/13/d5f4f732fb1e436765ab87e7d60ba02b1ad6.manifest
Install path:  E:\Emulators Folder\Installs\Dolphin-x64
Waiting for parent PID 18328 to complete...
Completed! Proceeding with update.
Updating:
  - DSPTool.exe: 901721a0e8fd2669c82216b9901238c3 -> 2c807ff9eb17708e3802f4adfc13b96c
  - Dolphin.exe: 9d5110b35e01ea3c0effecd02c9c9743 -> cf6a61adf5e9c7f484e882ade561db40
  - Languages/ar/dolphin-emu.mo: df1a4edc0a444f5af27ff158b0f091b2 -> 2f30070023da402a181b768c090e3b82
  - Languages/ca/dolphin-emu.mo: 9c9aa4d8973c27416338a6e4777bad69 -> c7e0907f6272a5ba1c9305616337b06e
  - Languages/cs/dolphin-emu.mo: 5774a449adea6b08ea03dc2f18f89395 -> 96c2efcd4d05607f7dde8a04473c702e
  - Languages/da/dolphin-emu.mo: e524e619968e36d74133a74f8de2f196 -> 20f8812df0d2dbaa4f1d1b5f0e4c5726
  - Languages/de/dolphin-emu.mo: 1747bb371341b0e68ad58fe884c93e4c -> 49c4f889521d7f4c3245d6b4523fa9ff
  - Languages/el/dolphin-emu.mo: 356fa3accbaac374ccedd551a77150c1 -> 8fd52c651bdecf65016c7ca15248df65
  - Languages/es/dolphin-emu.mo: f5dfc802a81ef57f6cf99b02393a54a7 -> be8fe148396fd6f14a6f0eae512c73da
  - Languages/fa/dolphin-emu.mo: 2d14cdeade4dd977df274f3d52461a92 -> d7cc8bdc0e448253d249fd078ee50acb
  - Languages/fr/dolphin-emu.mo: 2f77e945ec431cfad2004f3f76634f15 -> 9aecd68d3742c2a2392808f0cc276331
  - Languages/hr/dolphin-emu.mo: 7371b026b32e9e86c756575fdd924db4 -> 65ea6ecf6d988dd505c3c10639a38393
  - Languages/hu/dolphin-emu.mo: 776325ca75925bb7edb4a7375ee2cdac -> 0e15a5d49cd471fd8650286e4c1093db
  - Languages/it/dolphin-emu.mo: 46055d64f8a70e3551d201a291176393 -> c362e0f04909b541e4de98c22229a24e
  - Languages/ja/dolphin-emu.mo: e32d3f604169073ce354e5a1532b999f -> 096ca262f97097237761fb6bf28b5d1d
  - Languages/ko/dolphin-emu.mo: 60b54b6bd8a8a93d28168ae6f2a14fce -> 6b25011327b10a42bcb71a6924906216
  - Languages/ms/dolphin-emu.mo: c39751599bd7635489ef4b16e2fc91a0 -> 318d1165ad46567e41cc9231a3df4cc1
  - Languages/nb/dolphin-emu.mo: e139b5c86247da59866ee7ef1b5613d2 -> 16f9b9b47747b6beff7a9d761c00c2b7
  - Languages/nl/dolphin-emu.mo: 1f7d51f1a722dc406edfa0bdb58981d3 -> d3a5baf79d02ba6efe4d2862b770f996
  - Languages/pl/dolphin-emu.mo: 60c701eaf1bbaf7db7ca81fdeb3754a9 -> f2f473a265b05aec66ee8f9cc5ca282f
  - Languages/pt/dolphin-emu.mo: fec37c0b6fc9b12d732a2c1d390ea47f -> fc77b35012caea0647488f721bac3b9a
  - Languages/pt_BR/dolphin-emu.mo: c2ed65f0bbe404c78eb89a710914177d -> e3489f9ce2e5b623f3064ed04ae4a7e9
  - Languages/ro/dolphin-emu.mo: debd93f04d73971cfb3d861ab4446e7c -> 79b44881627fb1e605e7bf7a3c957df9
  - Languages/ru/dolphin-emu.mo: 19e7a7284e3f001588fba18c98bcbaa7 -> ce03f654ba0f8307ec41039a700ba8d2
  - Languages/sr/dolphin-emu.mo: 1bb9bfd74ca428a6748f0fcfa5439c74 -> 120da1e8509b5a8adf8d5a1afd2898c8
  - Languages/sv/dolphin-emu.mo: 92425b09a4f24a6852dd363be6d4c0c3 -> 8a303c7f44d824a76e4efd8219ddadd4
  - Languages/tr/dolphin-emu.mo: bda6c2c657644eb129abc72732be8af7 -> c23de4bed8d4ffbb809cbb66870ab5d2
  - Languages/zh_CN/dolphin-emu.mo: 037636a743001d26f7954f82dcaa563e -> 4ccc6e8234a7fb3278a747d1af9de8cb
  - Languages/zh_TW/dolphin-emu.mo: f8ab46efda1de5854658b7982bc1350f -> 3c209fc2d53c2dec08cecb31393f36b1
  - Updater.exe: c66913fc6d6c9ba15553476ba60ff1b6 -> 24a37c2d8f6c83d0a1285793cdf08dd3
Starting download step...
Downloading https://update.dolphin-emu.org/content/2c/80/7ff9eb17708e3802f4adfc13b96c ...
Downloading https://update.dolphin-emu.org/content/cf/6a/61adf5e9c7f484e882ade561db40 ...
Downloading https://update.dolphin-emu.org/content/2f/30/070023da402a181b768c090e3b82 ...
Downloading https://update.dolphin-emu.org/content/c7/e0/907f6272a5ba1c9305616337b06e ...
Downloading https://update.dolphin-emu.org/content/96/c2/efcd4d05607f7dde8a04473c702e ...
Downloading https://update.dolphin-emu.org/content/20/f8/812df0d2dbaa4f1d1b5f0e4c5726 ...
Downloading https://update.dolphin-emu.org/content/49/c4/f889521d7f4c3245d6b4523fa9ff ...
Downloading https://update.dolphin-emu.org/content/8f/d5/2c651bdecf65016c7ca15248df65 ...
Downloading https://update.dolphin-emu.org/content/be/8f/e148396fd6f14a6f0eae512c73da ...
Downloading https://update.dolphin-emu.org/content/d7/cc/8bdc0e448253d249fd078ee50acb ...
Downloading https://update.dolphin-emu.org/content/9a/ec/d68d3742c2a2392808f0cc276331 ...
Downloading https://update.dolphin-emu.org/content/65/ea/6ecf6d988dd505c3c10639a38393 ...
Downloading https://update.dolphin-emu.org/content/0e/15/a5d49cd471fd8650286e4c1093db ...
Downloading https://update.dolphin-emu.org/content/c3/62/e0f04909b541e4de98c22229a24e ...
Downloading https://update.dolphin-emu.org/content/09/6c/a262f97097237761fb6bf28b5d1d ...
Downloading https://update.dolphin-emu.org/content/6b/25/011327b10a42bcb71a6924906216 ...
Downloading https://update.dolphin-emu.org/content/31/8d/1165ad46567e41cc9231a3df4cc1 ...
Downloading https://update.dolphin-emu.org/content/16/f9/b9b47747b6beff7a9d761c00c2b7 ...
Downloading https://update.dolphin-emu.org/content/d3/a5/baf79d02ba6efe4d2862b770f996 ...
Downloading https://update.dolphin-emu.org/content/f2/f4/73a265b05aec66ee8f9cc5ca282f ...
Downloading https://update.dolphin-emu.org/content/fc/77/b35012caea0647488f721bac3b9a ...
Downloading https://update.dolphin-emu.org/content/e3/48/9f9ce2e5b623f3064ed04ae4a7e9 ...
Downloading https://update.dolphin-emu.org/content/79/b4/4881627fb1e605e7bf7a3c957df9 ...
Downloading https://update.dolphin-emu.org/content/ce/03/f654ba0f8307ec41039a700ba8d2 ...
Downloading https://update.dolphin-emu.org/content/12/0d/a1e8509b5a8adf8d5a1afd2898c8 ...
Downloading https://update.dolphin-emu.org/content/8a/30/3c7f44d824a76e4efd8219ddadd4 ...
Downloading https://update.dolphin-emu.org/content/c2/3d/e4bed8d4ffbb809cbb66870ab5d2 ...
Downloading https://update.dolphin-emu.org/content/4c/cc/6e8234a7fb3278a747d1af9de8cb ...
Downloading https://update.dolphin-emu.org/content/3c/20/9fc2d53c2dec08cecb31393f36b1 ...
Downloading https://update.dolphin-emu.org/content/24/a3/7c2d8f6c83d0a1285793cdf08dd3 ...
Download step completed.
Starting update step...
Updating file DSPTool.exe from content 2c807ff9eb17708e3802f4adfc13b96c...
Updating file Dolphin.exe from content cf6a61adf5e9c7f484e882ade561db40...
Updating file Languages/ar/dolphin-emu.mo from content 2f30070023da402a181b768c090e3b82...
Updating file Languages/ca/dolphin-emu.mo from content c7e0907f6272a5ba1c9305616337b06e...
Updating file Languages/cs/dolphin-emu.mo from content 96c2efcd4d05607f7dde8a04473c702e...
Updating file Languages/da/dolphin-emu.mo from content 20f8812df0d2dbaa4f1d1b5f0e4c5726...
Updating file Languages/de/dolphin-emu.mo from content 49c4f889521d7f4c3245d6b4523fa9ff...
Updating file Languages/el/dolphin-emu.mo from content 8fd52c651bdecf65016c7ca15248df65...
Updating file Languages/es/dolphin-emu.mo from content be8fe148396fd6f14a6f0eae512c73da...
Updating file Languages/fa/dolphin-emu.mo from content d7cc8bdc0e448253d249fd078ee50acb...
Updating file Languages/fr/dolphin-emu.mo from content 9aecd68d3742c2a2392808f0cc276331...
Updating file Languages/hr/dolphin-emu.mo from content 65ea6ecf6d988dd505c3c10639a38393...
Updating file Languages/hu/dolphin-emu.mo from content 0e15a5d49cd471fd8650286e4c1093db...
Updating file Languages/it/dolphin-emu.mo from content c362e0f04909b541e4de98c22229a24e...
Updating file Languages/ja/dolphin-emu.mo from content 096ca262f97097237761fb6bf28b5d1d...
Updating file Languages/ko/dolphin-emu.mo from content 6b25011327b10a42bcb71a6924906216...
Updating file Languages/ms/dolphin-emu.mo from content 318d1165ad46567e41cc9231a3df4cc1...
Updating file Languages/nb/dolphin-emu.mo from content 16f9b9b47747b6beff7a9d761c00c2b7...
Updating file Languages/nl/dolphin-emu.mo from content d3a5baf79d02ba6efe4d2862b770f996...
Updating file Languages/pl/dolphin-emu.mo from content f2f473a265b05aec66ee8f9cc5ca282f...
Updating file Languages/pt/dolphin-emu.mo from content fc77b35012caea0647488f721bac3b9a...
Updating file Languages/pt_BR/dolphin-emu.mo from content e3489f9ce2e5b623f3064ed04ae4a7e9...
Updating file Languages/ro/dolphin-emu.mo from content 79b44881627fb1e605e7bf7a3c957df9...
Updating file Languages/ru/dolphin-emu.mo from content ce03f654ba0f8307ec41039a700ba8d2...
Updating file Languages/sr/dolphin-emu.mo from content 120da1e8509b5a8adf8d5a1afd2898c8...
Updating file Languages/sv/dolphin-emu.mo from content 8a303c7f44d824a76e4efd8219ddadd4...
Updating file Languages/tr/dolphin-emu.mo from content c23de4bed8d4ffbb809cbb66870ab5d2...
Updating file Languages/zh_CN/dolphin-emu.mo from content 4ccc6e8234a7fb3278a747d1af9de8cb...
Updating file Languages/zh_TW/dolphin-emu.mo from content 3c209fc2d53c2dec08cecb31393f36b1...
Updating file Updater.exe from content 24a37c2d8f6c83d0a1285793cdf08dd3...
Update step completed.
Starting deletion step...
Deletion step completed.
